2026-02-27 16:44:57,701 [INFO] __main__: === 52-Week High Breakout Screener ===
2026-02-27 16:44:57,701 [INFO] __main__: Step 1: Loading cached ticker list...
2026-02-27 16:44:57,709 [INFO] ticker_manager: Loaded 3771 tickers from cache
2026-02-27 16:44:57,710 [INFO] __main__: Working with 3771 tickers
2026-02-27 16:44:57,710 [INFO] __main__: Step 2: Fetching price data...
2026-02-27 16:44:57,722 [INFO] data_fetcher: Fetching prices for 3771 tickers
2026-02-27 16:44:57,723 [INFO] data_fetcher: Batch 1-50/3771 (start=2025-02-02)
2026-02-27 16:45:04,105 [INFO] data_fetcher: Batch 51-100/3771 (start=2025-02-02)
2026-02-27 16:45:12,248 [INFO] data_fetcher: Batch 101-150/3771 (start=2025-02-02)
2026-02-27 16:45:19,753 [INFO] data_fetcher: Batch 151-200/3771 (start=2025-02-02)
2026-02-27 16:45:29,816 [INFO] data_fetcher: Batch 201-250/3771 (start=2025-02-02)
2026-02-27 16:45:37,747 [INFO] data_fetcher: Batch 251-300/3771 (start=2025-02-02)
2026-02-27 16:45:45,680 [INFO] data_fetcher: Batch 301-350/3771 (start=2025-02-02)
2026-02-27 16:45:53,134 [INFO] data_fetcher: Batch 351-400/3771 (start=2025-02-02)
2026-02-27 16:46:00,224 [INFO] data_fetcher: Batch 401-450/3771 (start=2025-02-02)
2026-02-27 16:46:11,388 [INFO] data_fetcher: Batch 451-500/3771 (start=2025-02-02)
2026-02-27 16:46:20,894 [INFO] data_fetcher: Batch 501-550/3771 (start=2025-02-02)
2026-02-27 16:46:28,638 [INFO] data_fetcher: Batch 551-600/3771 (start=2025-02-02)
2026-02-27 16:46:36,178 [INFO] data_fetcher: Batch 601-650/3771 (start=2025-02-02)
2026-02-27 16:46:42,733 [INFO] data_fetcher: Batch 651-700/3771 (start=2025-02-02)
2026-02-27 16:46:49,900 [INFO] data_fetcher: Batch 701-750/3771 (start=2025-02-02)
2026-02-27 16:46:57,284 [INFO] data_fetcher: Batch 751-800/3771 (start=2025-02-02)
2026-02-27 16:47:04,356 [INFO] data_fetcher: Batch 801-850/3771 (start=2025-02-02)
2026-02-27 16:47:11,037 [INFO] data_fetcher: Batch 851-900/3771 (start=2025-02-02)
2026-02-27 16:47:19,561 [INFO] data_fetcher: Batch 901-950/3771 (start=2025-02-02)
2026-02-27 16:47:26,351 [INFO] data_fetcher: Batch 951-1000/3771 (start=2025-02-02)
2026-02-27 16:47:33,456 [INFO] data_fetcher: Batch 1001-1050/3771 (start=2025-02-02)
2026-02-27 16:47:40,475 [INFO] data_fetcher: Batch 1051-1100/3771 (start=2025-02-02)
2026-02-27 16:47:48,099 [INFO] data_fetcher: Batch 1101-1150/3771 (start=2025-02-02)
2026-02-27 16:47:54,700 [INFO] data_fetcher: Batch 1151-1200/3771 (start=2025-02-02)
2026-02-27 16:48:00,982 [INFO] data_fetcher: Batch 1201-1250/3771 (start=2025-02-02)
2026-02-27 16:48:09,137 [INFO] data_fetcher: Batch 1251-1300/3771 (start=2025-02-02)
2026-02-27 16:48:16,628 [INFO] data_fetcher: Batch 1301-1350/3771 (start=2025-02-02)
2026-02-27 16:48:24,055 [INFO] data_fetcher: Batch 1351-1400/3771 (start=2025-02-02)
2026-02-27 16:48:31,013 [INFO] data_fetcher: Batch 1401-1450/3771 (start=2025-02-02)
2026-02-27 16:48:38,139 [INFO] data_fetcher: Batch 1451-1500/3771 (start=2025-02-02)
2026-02-27 16:48:46,305 [INFO] data_fetcher: Batch 1501-1550/3771 (start=2025-02-02)
2026-02-27 16:48:53,124 [INFO] data_fetcher: Batch 1551-1600/3771 (start=2025-02-02)
2026-02-27 16:48:59,564 [INFO] data_fetcher: Batch 1601-1650/3771 (start=2025-02-02)
2026-02-27 16:49:07,519 [INFO] data_fetcher: Batch 1651-1700/3771 (start=2025-02-02)
2026-02-27 16:49:14,882 [INFO] data_fetcher: Batch 1701-1750/3771 (start=2025-02-02)
2026-02-27 16:49:22,386 [INFO] data_fetcher: Batch 1751-1800/3771 (start=2025-02-02)
2026-02-27 16:49:29,873 [INFO] data_fetcher: Batch 1801-1850/3771 (start=2025-02-02)
2026-02-27 16:49:36,603 [INFO] data_fetcher: Batch 1851-1900/3771 (start=2025-02-02)
2026-02-27 16:49:43,115 [INFO] data_fetcher: Batch 1901-1950/3771 (start=2025-02-02)
2026-02-27 16:49:51,606 [INFO] data_fetcher: Batch 1951-2000/3771 (start=2025-02-02)
2026-02-27 16:49:59,050 [INFO] data_fetcher: Batch 2001-2050/3771 (start=2025-02-02)
2026-02-27 16:50:06,507 [INFO] data_fetcher: Batch 2051-2100/3771 (start=2025-02-02)
2026-02-27 16:50:13,215 [INFO] data_fetcher: Batch 2101-2150/3771 (start=2025-02-02)
2026-02-27 16:50:21,000 [INFO] data_fetcher: Batch 2151-2200/3771 (start=2025-02-02)
2026-02-27 16:50:30,475 [INFO] data_fetcher: Batch 2201-2250/3771 (start=2025-02-02)
2026-02-27 16:50:38,371 [INFO] data_fetcher: Batch 2251-2300/3771 (start=2025-02-02)
2026-02-27 16:50:45,843 [INFO] data_fetcher: Batch 2301-2350/3771 (start=2025-02-02)
2026-02-27 16:50:52,779 [INFO] data_fetcher: Batch 2351-2400/3771 (start=2025-02-02)
2026-02-27 16:51:00,636 [INFO] data_fetcher: Batch 2401-2450/3771 (start=2025-02-02)
2026-02-27 16:51:08,136 [INFO] data_fetcher: Batch 2451-2500/3771 (start=2025-02-02)
2026-02-27 16:51:15,933 [INFO] data_fetcher: Batch 2501-2550/3771 (start=2025-02-02)
2026-02-27 16:51:24,528 [INFO] data_fetcher: Batch 2551-2600/3771 (start=2025-02-02)
2026-02-27 16:51:30,981 [INFO] data_fetcher: Batch 2601-2650/3771 (start=2025-02-02)
2026-02-27 16:51:39,235 [INFO] data_fetcher: Batch 2651-2700/3771 (start=2025-02-02)
2026-02-27 16:51:46,851 [INFO] data_fetcher: Batch 2701-2750/3771 (start=2025-02-02)
2026-02-27 16:51:53,931 [INFO] data_fetcher: Batch 2751-2800/3771 (start=2025-02-02)
2026-02-27 16:52:01,848 [INFO] data_fetcher: Batch 2801-2850/3771 (start=2025-02-02)
2026-02-27 16:52:09,408 [INFO] data_fetcher: Batch 2851-2900/3771 (start=2025-02-02)
2026-02-27 16:52:17,049 [INFO] data_fetcher: Batch 2901-2950/3771 (start=2025-02-02)
2026-02-27 16:52:23,565 [INFO] data_fetcher: Batch 2951-3000/3771 (start=2025-02-02)
2026-02-27 16:52:31,157 [INFO] data_fetcher: Batch 3001-3050/3771 (start=2025-02-02)
2026-02-27 16:52:39,566 [INFO] data_fetcher: Batch 3051-3100/3771 (start=2025-02-02)
2026-02-27 16:52:47,484 [INFO] data_fetcher: Batch 3101-3150/3771 (start=2025-02-02)
2026-02-27 16:52:54,652 [INFO] data_fetcher: Batch 3151-3200/3771 (start=2025-02-02)
2026-02-27 16:53:02,450 [INFO] data_fetcher: Batch 3201-3250/3771 (start=2025-02-02)
2026-02-27 16:53:11,541 [INFO] data_fetcher: Batch 3251-3300/3771 (start=2025-02-02)
2026-02-27 16:53:19,285 [INFO] data_fetcher: Batch 3301-3350/3771 (start=2025-02-02)
2026-02-27 16:53:27,016 [INFO] data_fetcher: Batch 3351-3400/3771 (start=2025-02-02)
2026-02-27 16:53:34,069 [INFO] data_fetcher: Batch 3401-3450/3771 (start=2025-02-02)
2026-02-27 16:53:40,144 [INFO] data_fetcher: Batch 3451-3500/3771 (start=2025-02-02)
2026-02-27 16:53:47,291 [INFO] data_fetcher: Batch 3501-3550/3771 (start=2025-02-02)
2026-02-27 16:53:54,770 [INFO] data_fetcher: Batch 3551-3600/3771 (start=2025-02-02)
2026-02-27 16:54:02,391 [INFO] data_fetcher: Batch 3601-3650/3771 (start=2025-02-02)
2026-02-27 16:54:09,958 [INFO] data_fetcher: Batch 3651-3700/3771 (start=2025-02-02)
2026-02-27 16:54:18,229 [INFO] data_fetcher: Batch 3701-3750/3771 (start=2025-02-02)
2026-02-27 16:54:26,777 [INFO] data_fetcher: Batch 3751-3771/3771 (start=2025-02-02)
2026-02-27 16:54:35,726 [INFO] data_fetcher: Saved price cache: 975512 rows
2026-02-27 16:54:35,809 [INFO] __main__: Step 3: Detecting breakouts...
2026-02-27 16:54:35,811 [INFO] __main__: Loaded 229 prior breakout records for cooldown filter
2026-02-27 16:54:35,943 [INFO] breakout_detector: Detecting breakouts as of 2026-02-27
2026-02-27 16:54:35,946 [INFO] breakout_detector: Cooldown: 229 tickers had breakouts in last 30 days, skipping
2026-02-27 16:54:39,400 [INFO] breakout_detector: Detected 221 breakouts
2026-02-27 16:54:39,400 [INFO] __main__: Step 4: Scoring breakouts...
2026-02-27 16:54:47,957 [INFO] scoring: Scored 221 breakout stocks
2026-02-27 16:54:47,958 [INFO] __main__: Step 5: Fetching financials for 221 breakout stocks...
2026-02-27 16:55:30,943 [INFO] financials: Fetched financials for 221 stocks
2026-02-27 16:55:30,944 [INFO] __main__: Step 6: Updating performance tracking...
2026-02-27 16:55:30,957 [INFO] performance_tracker: Added 221 new breakouts to history (total: 450)
2026-02-27 16:56:25,583 [INFO] performance_tracker: Tracked performance for 450 breakouts
2026-02-27 16:56:25,583 [INFO] __main__: Step 7: Rendering dashboard...
2026-02-27 16:56:25,618 [INFO] renderer: Dashboard written to /home/runner/work/52-week-high-breakout/52-week-high-breakout/src/../output/dashboard.html
2026-02-27 16:56:25,618 [INFO] __main__: === Done! Dashboard: /home/runner/work/52-week-high-breakout/52-week-high-breakout/src/../output/dashboard.html ===
