2026-02-27 10:47:22,595 [INFO] __main__: === 52-Week High Breakout Screener ===
2026-02-27 10:47:22,595 [INFO] __main__: Step 1: Loading cached ticker list...
2026-02-27 10:47:22,596 [INFO] ticker_manager: No cached tickers found, downloading...
2026-02-27 10:47:22,596 [INFO] ticker_manager: Downloading JPX listed companies from https://www.jpx.co.jp/markets/statistics-equities/misc/tvdivq0000001vg2-att/data_j.xls
2026-02-27 10:47:23,405 [INFO] ticker_manager: Downloaded 4435 rows from JPX
2026-02-27 10:47:23,427 [INFO] ticker_manager: Filtered to 3771 ordinary stocks (from 4435)
2026-02-27 10:47:23,452 [INFO] ticker_manager: Saved 3771 tickers to /home/awaka/stock/52-week_high_breakout/src/../data/tickers.csv
2026-02-27 10:47:23,453 [INFO] __main__: Working with 3771 tickers
2026-02-27 10:47:23,454 [INFO] __main__: Step 2: Fetching price data...
2026-02-27 10:47:23,490 [INFO] data_fetcher: Fetching prices for 3771 tickers
2026-02-27 10:47:23,492 [INFO] data_fetcher: Batch 1-50/3771 (start=2025-02-02)
2026-02-27 10:47:23,499 [INFO] yfinance: Failed to create TzCache, reason: Error creating TzCache folder: '/home/awaka/.cache/py-yfinance' reason: [Errno 17] File exists: '/home/awaka/.cache/py-yfinance'. TzCache will not be used. Tip: You can direct cache to use a different location with 'set_tz_cache_location(mylocation)'
2026-02-27 10:47:33,836 [INFO] data_fetcher: Batch 51-100/3771 (start=2025-02-02)
2026-02-27 10:47:39,971 [INFO] data_fetcher: Batch 101-150/3771 (start=2025-02-02)
2026-02-27 10:47:45,578 [INFO] data_fetcher: Batch 151-200/3771 (start=2025-02-02)
2026-02-27 10:47:51,778 [INFO] data_fetcher: Batch 201-250/3771 (start=2025-02-02)
2026-02-27 10:47:57,775 [INFO] data_fetcher: Batch 251-300/3771 (start=2025-02-02)
2026-02-27 10:48:04,034 [INFO] data_fetcher: Batch 301-350/3771 (start=2025-02-02)
2026-02-27 10:48:10,107 [INFO] data_fetcher: Batch 351-400/3771 (start=2025-02-02)
2026-02-27 10:48:16,321 [INFO] data_fetcher: Batch 401-450/3771 (start=2025-02-02)
2026-02-27 10:48:22,577 [INFO] data_fetcher: Batch 451-500/3771 (start=2025-02-02)
2026-02-27 10:48:28,738 [INFO] data_fetcher: Batch 501-550/3771 (start=2025-02-02)
2026-02-27 10:48:34,957 [INFO] data_fetcher: Batch 551-600/3771 (start=2025-02-02)
2026-02-27 10:48:41,380 [INFO] data_fetcher: Batch 601-650/3771 (start=2025-02-02)
2026-02-27 10:48:48,122 [INFO] data_fetcher: Batch 651-700/3771 (start=2025-02-02)
2026-02-27 10:48:53,849 [INFO] data_fetcher: Batch 701-750/3771 (start=2025-02-02)
2026-02-27 10:48:59,972 [INFO] data_fetcher: Batch 751-800/3771 (start=2025-02-02)
2026-02-27 10:49:06,128 [INFO] data_fetcher: Batch 801-850/3771 (start=2025-02-02)
2026-02-27 10:49:11,960 [INFO] data_fetcher: Batch 851-900/3771 (start=2025-02-02)
2026-02-27 10:49:18,509 [INFO] data_fetcher: Batch 901-950/3771 (start=2025-02-02)
2026-02-27 10:49:24,682 [INFO] data_fetcher: Batch 951-1000/3771 (start=2025-02-02)
2026-02-27 10:49:30,616 [INFO] data_fetcher: Batch 1001-1050/3771 (start=2025-02-02)
2026-02-27 10:49:36,875 [INFO] data_fetcher: Batch 1051-1100/3771 (start=2025-02-02)
2026-02-27 10:49:42,934 [INFO] data_fetcher: Batch 1101-1150/3771 (start=2025-02-02)
2026-02-27 10:49:49,063 [INFO] data_fetcher: Batch 1151-1200/3771 (start=2025-02-02)
2026-02-27 10:49:55,073 [INFO] data_fetcher: Batch 1201-1250/3771 (start=2025-02-02)
2026-02-27 10:50:01,223 [INFO] data_fetcher: Batch 1251-1300/3771 (start=2025-02-02)
2026-02-27 10:50:07,152 [INFO] data_fetcher: Batch 1301-1350/3771 (start=2025-02-02)
2026-02-27 10:50:13,250 [INFO] data_fetcher: Batch 1351-1400/3771 (start=2025-02-02)
2026-02-27 10:50:19,456 [INFO] data_fetcher: Batch 1401-1450/3771 (start=2025-02-02)
2026-02-27 10:50:25,831 [INFO] data_fetcher: Batch 1451-1500/3771 (start=2025-02-02)
2026-02-27 10:50:31,877 [INFO] data_fetcher: Batch 1501-1550/3771 (start=2025-02-02)
2026-02-27 10:50:38,188 [INFO] data_fetcher: Batch 1551-1600/3771 (start=2025-02-02)
2026-02-27 10:50:44,116 [INFO] data_fetcher: Batch 1601-1650/3771 (start=2025-02-02)
2026-02-27 10:50:50,296 [INFO] data_fetcher: Batch 1651-1700/3771 (start=2025-02-02)
2026-02-27 10:50:56,355 [INFO] data_fetcher: Batch 1701-1750/3771 (start=2025-02-02)
2026-02-27 10:51:02,513 [INFO] data_fetcher: Batch 1751-1800/3771 (start=2025-02-02)
2026-02-27 10:51:08,642 [INFO] data_fetcher: Batch 1801-1850/3771 (start=2025-02-02)
2026-02-27 10:51:14,707 [INFO] data_fetcher: Batch 1851-1900/3771 (start=2025-02-02)
2026-02-27 10:51:20,616 [INFO] data_fetcher: Batch 1901-1950/3771 (start=2025-02-02)
2026-02-27 10:51:26,733 [INFO] data_fetcher: Batch 1951-2000/3771 (start=2025-02-02)
2026-02-27 10:51:32,625 [INFO] data_fetcher: Batch 2001-2050/3771 (start=2025-02-02)
2026-02-27 10:51:39,219 [INFO] data_fetcher: Batch 2051-2100/3771 (start=2025-02-02)
2026-02-27 10:51:45,138 [INFO] data_fetcher: Batch 2101-2150/3771 (start=2025-02-02)
2026-02-27 10:51:51,476 [INFO] data_fetcher: Batch 2151-2200/3771 (start=2025-02-02)
2026-02-27 10:51:57,659 [INFO] data_fetcher: Batch 2201-2250/3771 (start=2025-02-02)
2026-02-27 10:52:04,001 [INFO] data_fetcher: Batch 2251-2300/3771 (start=2025-02-02)
2026-02-27 10:52:09,800 [INFO] data_fetcher: Batch 2301-2350/3771 (start=2025-02-02)
2026-02-27 10:52:16,135 [INFO] data_fetcher: Batch 2351-2400/3771 (start=2025-02-02)
2026-02-27 10:52:22,392 [INFO] data_fetcher: Batch 2401-2450/3771 (start=2025-02-02)
2026-02-27 10:52:28,481 [INFO] data_fetcher: Batch 2451-2500/3771 (start=2025-02-02)
2026-02-27 10:52:35,002 [INFO] data_fetcher: Batch 2501-2550/3771 (start=2025-02-02)
2026-02-27 10:52:40,870 [INFO] data_fetcher: Batch 2551-2600/3771 (start=2025-02-02)
2026-02-27 10:52:46,916 [INFO] data_fetcher: Batch 2601-2650/3771 (start=2025-02-02)
2026-02-27 10:52:52,879 [INFO] data_fetcher: Batch 2651-2700/3771 (start=2025-02-02)
2026-02-27 10:52:59,146 [INFO] data_fetcher: Batch 2701-2750/3771 (start=2025-02-02)
2026-02-27 10:53:05,292 [INFO] data_fetcher: Batch 2751-2800/3771 (start=2025-02-02)
2026-02-27 10:53:11,696 [INFO] data_fetcher: Batch 2801-2850/3771 (start=2025-02-02)
2026-02-27 10:53:17,969 [INFO] data_fetcher: Batch 2851-2900/3771 (start=2025-02-02)
2026-02-27 10:53:24,105 [INFO] data_fetcher: Batch 2901-2950/3771 (start=2025-02-02)
2026-02-27 10:53:30,294 [INFO] data_fetcher: Batch 2951-3000/3771 (start=2025-02-02)
2026-02-27 10:53:36,868 [INFO] data_fetcher: Batch 3001-3050/3771 (start=2025-02-02)
2026-02-27 10:53:42,735 [INFO] data_fetcher: Batch 3051-3100/3771 (start=2025-02-02)
2026-02-27 10:53:48,649 [INFO] data_fetcher: Batch 3101-3150/3771 (start=2025-02-02)
2026-02-27 10:53:55,109 [INFO] data_fetcher: Batch 3151-3200/3771 (start=2025-02-02)
2026-02-27 10:54:01,538 [INFO] data_fetcher: Batch 3201-3250/3771 (start=2025-02-02)
2026-02-27 10:54:07,829 [INFO] data_fetcher: Batch 3251-3300/3771 (start=2025-02-02)
2026-02-27 10:54:14,130 [INFO] data_fetcher: Batch 3301-3350/3771 (start=2025-02-02)
2026-02-27 10:54:20,773 [INFO] data_fetcher: Batch 3351-3400/3771 (start=2025-02-02)
2026-02-27 10:54:27,117 [INFO] data_fetcher: Batch 3401-3450/3771 (start=2025-02-02)
2026-02-27 10:54:32,888 [INFO] data_fetcher: Batch 3451-3500/3771 (start=2025-02-02)
2026-02-27 10:54:38,983 [INFO] data_fetcher: Batch 3501-3550/3771 (start=2025-02-02)
2026-02-27 10:54:44,789 [INFO] data_fetcher: Batch 3551-3600/3771 (start=2025-02-02)
2026-02-27 10:54:51,198 [INFO] data_fetcher: Batch 3601-3650/3771 (start=2025-02-02)
2026-02-27 10:54:57,814 [INFO] data_fetcher: Batch 3651-3700/3771 (start=2025-02-02)
2026-02-27 10:55:04,321 [INFO] data_fetcher: Batch 3701-3750/3771 (start=2025-02-02)
2026-02-27 10:55:11,049 [INFO] data_fetcher: Batch 3751-3771/3771 (start=2025-02-02)
2026-02-27 10:55:23,739 [INFO] data_fetcher: Saved price cache: 975480 rows
2026-02-27 10:55:23,988 [INFO] __main__: Step 3: Detecting breakouts...
2026-02-27 10:55:24,147 [INFO] breakout_detector: Detecting breakouts as of 2026-02-27
2026-02-27 10:55:28,934 [INFO] breakout_detector: Detected 229 breakouts
2026-02-27 10:55:28,934 [INFO] __main__: Step 4: Scoring breakouts...
2026-02-27 10:55:39,833 [INFO] scoring: Scored 229 breakout stocks
2026-02-27 10:55:39,834 [INFO] __main__: Step 5: Fetching financials for 229 breakout stocks...
2026-02-27 10:56:50,852 [INFO] financials: Fetched financials for 229 stocks
2026-02-27 10:56:50,853 [INFO] __main__: Step 6: Updating performance tracking...
2026-02-27 10:56:50,865 [INFO] performance_tracker: Added 229 new breakouts to history (total: 229)
2026-02-27 10:58:36,530 [INFO] performance_tracker: Tracked performance for 229 breakouts
2026-02-27 10:58:36,532 [INFO] __main__: Step 7: Rendering dashboard...
2026-02-27 10:58:36,677 [INFO] renderer: Dashboard written to /home/awaka/stock/52-week_high_breakout/src/../output/dashboard.html
2026-02-27 10:58:36,678 [INFO] __main__: === Done! Dashboard: /home/awaka/stock/52-week_high_breakout/src/../output/dashboard.html ===
