2026-02-28 22:15:51,871 [INFO] __main__: === 52-Week High Breakout Screener ===
2026-02-28 22:15:51,871 [INFO] __main__: Step 1: Loading cached ticker list...
2026-02-28 22:15:51,899 [INFO] ticker_manager: Loaded 3771 tickers from cache
2026-02-28 22:15:51,906 [INFO] __main__: Working with 3771 tickers
2026-02-28 22:15:51,906 [INFO] __main__: Step 2: Fetching price data...
2026-02-28 22:15:54,044 [INFO] data_fetcher: Loaded price cache: 975480 rows
2026-02-28 22:15:54,207 [INFO] data_fetcher: Fetching prices for 42 tickers
2026-02-28 22:15:54,208 [INFO] data_fetcher: Batch 1-39/39 (start=2026-02-27)
2026-02-28 22:16:05,514 [ERROR] yfinance: Failed to get ticker '9361.T' reason: Failed to perform, curl: (28) Connection timed out after 10002 milliseconds. See https://curl.se/libcurl/c/libcurl-errors.html first for more details.
2026-02-28 22:16:05,551 [ERROR] yfinance: Failed to get ticker '6555.T' reason: Failed to perform, curl: (28) Connection timed out after 10002 milliseconds. See https://curl.se/libcurl/c/libcurl-errors.html first for more details.
2026-02-28 22:16:05,554 [ERROR] yfinance: Failed to get ticker '7565.T' reason: Failed to perform, curl: (28) Operation timed out after 10005 milliseconds with 0 bytes received. See https://curl.se/libcurl/c/libcurl-errors.html first for more details.
2026-02-28 22:16:05,557 [ERROR] yfinance: $7565.T: possibly delisted; no timezone found
2026-02-28 22:16:05,583 [ERROR] yfinance: Failed to get ticker '3375.T' reason: Failed to perform, curl: (28) Connection timed out after 10014 milliseconds. See https://curl.se/libcurl/c/libcurl-errors.html first for more details.
2026-02-28 22:16:05,589 [ERROR] yfinance: $3375.T: possibly delisted; no timezone found
2026-02-28 22:16:05,593 [ERROR] yfinance: Failed to get ticker '9355.T' reason: Failed to perform, curl: (28) Connection timed out after 10002 milliseconds. See https://curl.se/libcurl/c/libcurl-errors.html first for more details.
2026-02-28 22:16:05,594 [ERROR] yfinance: Failed to get ticker '3079.T' reason: Failed to perform, curl: (28) Connection timed out after 10002 milliseconds. See https://curl.se/libcurl/c/libcurl-errors.html first for more details.
2026-02-28 22:16:05,595 [ERROR] yfinance: Failed to get ticker '5905.T' reason: Failed to perform, curl: (28) Connection timed out after 10006 milliseconds. See https://curl.se/libcurl/c/libcurl-errors.html first for more details.
2026-02-28 22:16:05,596 [ERROR] yfinance: Failed to get ticker '9600.T' reason: Failed to perform, curl: (28) Connection timed out after 10002 milliseconds. See https://curl.se/libcurl/c/libcurl-errors.html first for more details.
2026-02-28 22:16:05,596 [ERROR] yfinance: Failed to get ticker '6898.T' reason: Failed to perform, curl: (28) Connection timed out after 10002 milliseconds. See https://curl.se/libcurl/c/libcurl-errors.html first for more details.
2026-02-28 22:16:05,606 [ERROR] yfinance: $9355.T: possibly delisted; no timezone found
2026-02-28 22:16:05,615 [ERROR] yfinance: $3079.T: possibly delisted; no timezone found
2026-02-28 22:16:05,626 [ERROR] yfinance: $9600.T: possibly delisted; no timezone found
2026-02-28 22:16:05,630 [ERROR] yfinance: $5905.T: possibly delisted; no timezone found
2026-02-28 22:16:05,632 [ERROR] yfinance: $6898.T: possibly delisted; no timezone found
2026-02-28 22:16:09,696 [ERROR] yfinance: Failed to get ticker '3712.T' reason: Failed to perform, curl: (28) Connection timed out after 10001 milliseconds. See https://curl.se/libcurl/c/libcurl-errors.html first for more details.
2026-02-28 22:16:09,699 [ERROR] yfinance: $3712.T: possibly delisted; no timezone found
2026-02-28 22:16:09,706 [ERROR] yfinance: Failed to get ticker '3970.T' reason: Failed to perform, curl: (28) Connection timed out after 10002 milliseconds. See https://curl.se/libcurl/c/libcurl-errors.html first for more details.
2026-02-28 22:16:09,707 [ERROR] yfinance: $3970.T: possibly delisted; no timezone found
2026-02-28 22:16:09,708 [ERROR] yfinance: Failed to get ticker '4760.T' reason: Failed to perform, curl: (28) Connection timed out after 10001 milliseconds. See https://curl.se/libcurl/c/libcurl-errors.html first for more details.
2026-02-28 22:16:09,709 [ERROR] yfinance: $4760.T: possibly delisted; no timezone found
2026-02-28 22:16:15,632 [ERROR] yfinance: Failed to get ticker '9776.T' reason: Failed to perform, curl: (28) Connection timed out after 10001 milliseconds. See https://curl.se/libcurl/c/libcurl-errors.html first for more details.
2026-02-28 22:16:15,634 [ERROR] yfinance: $9776.T: possibly delisted; no timezone found
2026-02-28 22:16:15,643 [ERROR] yfinance: Failed to get ticker '9012.T' reason: Failed to perform, curl: (28) Connection timed out after 10001 milliseconds. See https://curl.se/libcurl/c/libcurl-errors.html first for more details.
2026-02-28 22:16:15,644 [ERROR] yfinance: $9012.T: possibly delisted; no timezone found
2026-02-28 22:16:15,659 [ERROR] yfinance: Failed to get ticker '3954.T' reason: Failed to perform, curl: (28) Connection timed out after 10001 milliseconds. See https://curl.se/libcurl/c/libcurl-errors.html first for more details.
2026-02-28 22:16:15,663 [ERROR] yfinance: $3954.T: possibly delisted; no timezone found
2026-02-28 22:16:15,672 [ERROR] yfinance: Failed to get ticker '7219.T' reason: Failed to perform, curl: (28) Connection timed out after 10001 milliseconds. See https://curl.se/libcurl/c/libcurl-errors.html first for more details.
2026-02-28 22:16:15,677 [ERROR] yfinance: Failed to get ticker '75505.T' reason: Failed to perform, curl: (28) Connection timed out after 10001 milliseconds. See https://curl.se/libcurl/c/libcurl-errors.html first for more details.
2026-02-28 22:16:15,682 [ERROR] yfinance: $7219.T: possibly delisted; no timezone found
2026-02-28 22:16:15,685 [ERROR] yfinance: Failed to get ticker '7445.T' reason: Failed to perform, curl: (28) Connection timed out after 10001 milliseconds. See https://curl.se/libcurl/c/libcurl-errors.html first for more details.
2026-02-28 22:16:15,688 [ERROR] yfinance: Failed to get ticker '6901.T' reason: Failed to perform, curl: (28) Connection timed out after 10001 milliseconds. See https://curl.se/libcurl/c/libcurl-errors.html first for more details.
2026-02-28 22:16:15,693 [ERROR] yfinance: $75505.T: possibly delisted; no timezone found
2026-02-28 22:16:15,697 [ERROR] yfinance: $7445.T: possibly delisted; no timezone found
2026-02-28 22:16:15,700 [ERROR] yfinance: $6901.T: possibly delisted; no timezone found
2026-02-28 22:16:19,709 [ERROR] yfinance: Failed to get ticker '6346.T' reason: Failed to perform, curl: (28) Connection timed out after 10000 milliseconds. See https://curl.se/libcurl/c/libcurl-errors.html first for more details.
2026-02-28 22:16:19,712 [ERROR] yfinance: $6346.T: possibly delisted; no timezone found
2026-02-28 22:16:19,716 [ERROR] yfinance: Failed to get ticker '3224.T' reason: Failed to perform, curl: (28) Connection timed out after 10000 milliseconds. See https://curl.se/libcurl/c/libcurl-errors.html first for more details.
2026-02-28 22:16:19,718 [ERROR] yfinance: $3224.T: possibly delisted; no timezone found
2026-02-28 22:16:19,736 [ERROR] yfinance: Failed to get ticker '50765.T' reason: Failed to perform, curl: (28) Connection timed out after 10001 milliseconds. See https://curl.se/libcurl/c/libcurl-errors.html first for more details.
2026-02-28 22:16:19,739 [ERROR] yfinance: $50765.T: possibly delisted; no timezone found
2026-02-28 22:16:26,934 [ERROR] yfinance: Failed to get ticker '4365.T' reason: Failed to perform, curl: (28) Resolving timed out after 10000 milliseconds. See https://curl.se/libcurl/c/libcurl-errors.html first for more details.
2026-02-28 22:16:26,937 [ERROR] yfinance: $4365.T: possibly delisted; no timezone found
2026-02-28 22:16:26,949 [ERROR] yfinance: Failed to get ticker '9242.T' reason: Failed to perform, curl: (28) Resolving timed out after 10001 milliseconds. See https://curl.se/libcurl/c/libcurl-errors.html first for more details.
2026-02-28 22:16:26,951 [ERROR] yfinance: $9242.T: possibly delisted; no timezone found
2026-02-28 22:16:27,007 [ERROR] yfinance: Failed to get ticker '7058.T' reason: Failed to perform, curl: (28) Resolving timed out after 10000 milliseconds. See https://curl.se/libcurl/c/libcurl-errors.html first for more details.
2026-02-28 22:16:27,010 [ERROR] yfinance: $7058.T: possibly delisted; no timezone found
2026-02-28 22:16:27,042 [ERROR] yfinance: Failed to get ticker '9849.T' reason: Failed to perform, curl: (28) Resolving timed out after 10000 milliseconds. See https://curl.se/libcurl/c/libcurl-errors.html first for more details.
2026-02-28 22:16:27,047 [ERROR] yfinance: $9849.T: possibly delisted; no timezone found
2026-02-28 22:16:27,053 [ERROR] yfinance: Failed to get ticker '3628.T' reason: Failed to perform, curl: (28) Resolving timed out after 10001 milliseconds. See https://curl.se/libcurl/c/libcurl-errors.html first for more details.
2026-02-28 22:16:27,056 [ERROR] yfinance: $3628.T: possibly delisted; no timezone found
2026-02-28 22:16:27,060 [ERROR] yfinance: Failed to get ticker '1382.T' reason: Failed to perform, curl: (28) Resolving timed out after 10001 milliseconds. See https://curl.se/libcurl/c/libcurl-errors.html first for more details.
2026-02-28 22:16:27,063 [ERROR] yfinance: $1382.T: possibly delisted; no timezone found
2026-02-28 22:16:27,070 [ERROR] yfinance: Failed to get ticker '7031.T' reason: Failed to perform, curl: (28) Resolving timed out after 10000 milliseconds. See https://curl.se/libcurl/c/libcurl-errors.html first for more details.
2026-02-28 22:16:27,072 [ERROR] yfinance: $7031.T: possibly delisted; no timezone found
2026-02-28 22:16:27,937 [ERROR] yfinance: 
28 Failed downloads:
2026-02-28 22:16:27,938 [ERROR] yfinance: ['7565.T', '3375.T', '9355.T', '3079.T', '9600.T', '5905.T', '6898.T', '3712.T', '3970.T', '4760.T', '9776.T', '9012.T', '3954.T', '7219.T', '75505.T', '7445.T', '6901.T', '6346.T', '3224.T', '50765.T', '4365.T', '9242.T', '7058.T', '9849.T', '3628.T', '1382.T', '7031.T']: possibly delisted; no timezone found
2026-02-28 22:16:27,939 [ERROR] yfinance: ['9361.T']: ConnectionError('Failed to perform, curl: (56) Connection closed abruptly. See https://curl.se/libcurl/c/libcurl-errors.html first for more details.')
2026-02-28 22:16:28,034 [INFO] data_fetcher: Batch 1-2/2 (start=2026-02-26)
2026-02-28 22:16:28,323 [ERROR] yfinance: $5596.T: possibly delisted; no price data found  (1d 2026-02-26 -> 2026-03-01)
2026-02-28 22:16:28,332 [ERROR] yfinance: 
1 Failed download:
2026-02-28 22:16:28,333 [ERROR] yfinance: ['5596.T']: possibly delisted; no price data found  (1d 2026-02-26 -> 2026-03-01)
2026-02-28 22:16:28,351 [INFO] data_fetcher: Batch 1-1/1 (start=2026-02-05)
2026-02-28 22:16:37,045 [INFO] data_fetcher: Saved price cache: 971786 rows
2026-02-28 22:16:37,047 [INFO] __main__: Step 3: Detecting breakouts...
2026-02-28 22:16:37,054 [INFO] __main__: Loaded 450 prior breakout records for cooldown filter
2026-02-28 22:16:37,058 [INFO] breakout_detector: Detecting breakouts as of 2026-02-27
2026-02-28 22:16:37,067 [INFO] breakout_detector: Cooldown: 450 tickers had breakouts in last 90 days, skipping
2026-02-28 22:16:41,674 [INFO] breakout_detector: No breakouts detected
2026-02-28 22:16:41,677 [INFO] __main__: Step 4: Filtering breakouts by volume/liquidity...
2026-02-28 22:16:41,678 [INFO] __main__: Step 5: No breakouts to fetch financials for
2026-02-28 22:16:41,678 [INFO] __main__: Step 6: Updating performance tracking...
2026-02-28 22:20:04,738 [INFO] performance_tracker: Tracked performance for 450 breakouts
2026-02-28 22:20:04,740 [INFO] __main__: Step 7: Rendering dashboard...
2026-02-28 22:20:04,820 [INFO] renderer: Dashboard written to /home/awaka/stock/52-week_high_breakout/src/../output/dashboard.html
2026-02-28 22:20:04,821 [INFO] __main__: === Done! Dashboard: /home/awaka/stock/52-week_high_breakout/src/../output/dashboard.html ===
